2019-07-24 08:02:44,578 INFO org.springframework.boot.StartupInfoLogger Starting Application on ivanob-pc with PID 11840 (C:\Users\jspajic\IdeaProjects\helloWorld\target\classes started by jspajic in C:\Users\jspajic\IdeaProjects\helloWorld)
2019-07-24 08:02:44,676 DEBUG org.springframework.boot.StartupInfoLogger Running with Spring Boot v2.1.6.RELEASE, Spring v5.1.8.RELEASE
2019-07-24 08:02:44,794 INFO org.springframework.boot.SpringApplication No active profile set, falling back to default profiles: default
2019-07-24 08:04:22,071 INFO org.springframework.boot.StartupInfoLogger Starting Application on ivanob-pc with PID 14280 (C:\Users\jspajic\IdeaProjects\helloWorld\target\classes started by jspajic in C:\Users\jspajic\IdeaProjects\helloWorld)
2019-07-24 08:04:22,133 DEBUG org.springframework.boot.StartupInfoLogger Running with Spring Boot v2.1.6.RELEASE, Spring v5.1.8.RELEASE
2019-07-24 08:04:22,135 INFO org.springframework.boot.SpringApplication No active profile set, falling back to default profiles: default
2019-07-24 08:09:44,494 INFO org.springframework.boot.StartupInfoLogger Starting Application on ivanob-pc with PID 8932 (C:\Users\jspajic\IdeaProjects\helloWorld\target\classes started by jspajic in C:\Users\jspajic\IdeaProjects\helloWorld)
2019-07-24 08:09:44,513 DEBUG org.springframework.boot.StartupInfoLogger Running with Spring Boot v2.1.6.RELEASE, Spring v5.1.8.RELEASE
2019-07-24 08:09:44,515 INFO org.springframework.boot.SpringApplication No active profile set, falling back to default profiles: default
2019-07-24 08:10:01,542 INFO org.springframework.boot.StartupInfoLogger Started Application in 18.876 seconds (JVM running for 20.314)
2019-07-24 08:10:33,708 INFO org.springframework.boot.StartupInfoLogger Starting Application on ivanob-pc with PID 10488 (C:\Users\jspajic\IdeaProjects\helloWorld\target\classes started by jspajic in C:\Users\jspajic\IdeaProjects\helloWorld)
2019-07-24 08:10:33,716 DEBUG org.springframework.boot.StartupInfoLogger Running with Spring Boot v2.1.6.RELEASE, Spring v5.1.8.RELEASE
2019-07-24 08:10:33,720 INFO org.springframework.boot.SpringApplication No active profile set, falling back to default profiles: default
2019-07-24 08:10:48,217 INFO org.springframework.boot.StartupInfoLogger Started Application in 16.403 seconds (JVM running for 17.834)
2019-07-24 08:13:12,145 INFO org.springframework.boot.StartupInfoLogger Starting Application on ivanob-pc with PID 13612 (C:\Users\jspajic\IdeaProjects\helloWorld\target\classes started by jspajic in C:\Users\jspajic\IdeaProjects\helloWorld)
2019-07-24 08:13:12,155 DEBUG org.springframework.boot.StartupInfoLogger Running with Spring Boot v2.1.6.RELEASE, Spring v5.1.8.RELEASE
2019-07-24 08:13:12,157 INFO org.springframework.boot.SpringApplication No active profile set, falling back to default profiles: default
2019-07-24 08:13:40,091 INFO org.springframework.boot.StartupInfoLogger Started Application in 29.545 seconds (JVM running for 32.218)
2019-07-24 08:21:31,239 INFO org.springframework.boot.StartupInfoLogger Starting Application on ivanob-pc with PID 2612 (C:\Users\jspajic\IdeaProjects\helloWorld\target\classes started by jspajic in C:\Users\jspajic\IdeaProjects\helloWorld)
2019-07-24 08:21:31,253 DEBUG org.springframework.boot.StartupInfoLogger Running with Spring Boot v2.1.6.RELEASE, Spring v5.1.8.RELEASE
2019-07-24 08:21:31,255 INFO org.springframework.boot.SpringApplication No active profile set, falling back to default profiles: default
2019-07-24 08:21:51,343 INFO org.springframework.boot.StartupInfoLogger Started Application in 22.569 seconds (JVM running for 24.268)
2019-07-24 08:22:26,570 INFO org.springframework.boot.StartupInfoLogger Starting Application on ivanob-pc with PID 15272 (C:\Users\jspajic\IdeaProjects\helloWorld\target\classes started by jspajic in C:\Users\jspajic\IdeaProjects\helloWorld)
2019-07-24 08:22:26,590 DEBUG org.springframework.boot.StartupInfoLogger Running with Spring Boot v2.1.6.RELEASE, Spring v5.1.8.RELEASE
2019-07-24 08:22:26,613 INFO org.springframework.boot.SpringApplication No active profile set, falling back to default profiles: default
2019-07-24 08:22:45,390 INFO org.springframework.boot.StartupInfoLogger Started Application in 20.423 seconds (JVM running for 21.893)
2019-07-24 08:34:10,179 INFO org.springframework.boot.StartupInfoLogger Starting Application on ivanob-pc with PID 10792 (C:\Users\jspajic\IdeaProjects\helloWorld\target\classes started by jspajic in C:\Users\jspajic\IdeaProjects\helloWorld)
2019-07-24 08:34:10,187 DEBUG org.springframework.boot.StartupInfoLogger Running with Spring Boot v2.1.6.RELEASE, Spring v5.1.8.RELEASE
2019-07-24 08:34:10,189 INFO org.springframework.boot.SpringApplication No active profile set, falling back to default profiles: default
2019-07-24 08:34:32,344 INFO org.springframework.boot.StartupInfoLogger Started Application in 24.263 seconds (JVM running for 26.119)
2019-07-24 08:38:41,819 INFO org.springframework.boot.StartupInfoLogger Starting Application on ivanob-pc with PID 11352 (C:\Users\jspajic\IdeaProjects\helloWorld\target\classes started by jspajic in C:\Users\jspajic\IdeaProjects\helloWorld)
2019-07-24 08:38:41,844 DEBUG org.springframework.boot.StartupInfoLogger Running with Spring Boot v2.1.6.RELEASE, Spring v5.1.8.RELEASE
2019-07-24 08:38:41,850 INFO org.springframework.boot.SpringApplication No active profile set, falling back to default profiles: default
2019-07-24 08:39:08,899 INFO org.springframework.boot.StartupInfoLogger Started Application in 29.792 seconds (JVM running for 32.358)
2019-07-24 09:05:48,675 INFO org.springframework.boot.StartupInfoLogger Starting Application on ivanob-pc with PID 11132 (C:\Users\jspajic\IdeaProjects\helloWorld\target\classes started by jspajic in C:\Users\jspajic\IdeaProjects\helloWorld)
2019-07-24 09:05:48,693 DEBUG org.springframework.boot.StartupInfoLogger Running with Spring Boot v2.1.6.RELEASE, Spring v5.1.8.RELEASE
2019-07-24 09:05:48,701 INFO org.springframework.boot.SpringApplication No active profile set, falling back to default profiles: default
2019-07-24 09:06:12,409 INFO org.springframework.boot.StartupInfoLogger Started Application in 26.444 seconds (JVM running for 28.943)
2019-07-24 09:11:21,222 INFO org.springframework.boot.StartupInfoLogger Starting Application on ivanob-pc with PID 6124 (C:\Users\jspajic\IdeaProjects\helloWorld\target\classes started by jspajic in C:\Users\jspajic\IdeaProjects\helloWorld)
2019-07-24 09:11:21,261 DEBUG org.springframework.boot.StartupInfoLogger Running with Spring Boot v2.1.6.RELEASE, Spring v5.1.8.RELEASE
2019-07-24 09:11:21,263 INFO org.springframework.boot.SpringApplication No active profile set, falling back to default profiles: default
2019-07-24 09:11:38,196 INFO org.springframework.boot.StartupInfoLogger Started Application in 18.973 seconds (JVM running for 21.057)
2019-07-24 09:13:32,670 INFO org.springframework.boot.StartupInfoLogger Starting Application on ivanob-pc with PID 1204 (C:\Users\jspajic\IdeaProjects\helloWorld\target\classes started by jspajic in C:\Users\jspajic\IdeaProjects\helloWorld)
2019-07-24 09:13:32,682 DEBUG org.springframework.boot.StartupInfoLogger Running with Spring Boot v2.1.6.RELEASE, Spring v5.1.8.RELEASE
2019-07-24 09:13:32,692 INFO org.springframework.boot.SpringApplication No active profile set, falling back to default profiles: default
2019-07-24 09:13:56,093 INFO org.springframework.boot.StartupInfoLogger Started Application in 25.539 seconds (JVM running for 27.686)
2019-07-24 09:17:05,158 INFO org.springframework.boot.StartupInfoLogger Starting Application on ivanob-pc with PID 12840 (C:\Users\jspajic\IdeaProjects\helloWorld\target\classes started by jspajic in C:\Users\jspajic\IdeaProjects\helloWorld)
2019-07-24 09:17:05,168 DEBUG org.springframework.boot.StartupInfoLogger Running with Spring Boot v2.1.6.RELEASE, Spring v5.1.8.RELEASE
2019-07-24 09:17:05,171 INFO org.springframework.boot.SpringApplication No active profile set, falling back to default profiles: default
2019-07-24 09:17:20,499 INFO org.springframework.boot.StartupInfoLogger Started Application in 17.067 seconds (JVM running for 18.83)
2019-07-24 09:18:18,117 INFO org.springframework.boot.StartupInfoLogger Starting Application on ivanob-pc with PID 9368 (C:\Users\jspajic\IdeaProjects\helloWorld\target\classes started by jspajic in C:\Users\jspajic\IdeaProjects\helloWorld)
2019-07-24 09:18:18,126 DEBUG org.springframework.boot.StartupInfoLogger Running with Spring Boot v2.1.6.RELEASE, Spring v5.1.8.RELEASE
2019-07-24 09:18:18,132 INFO org.springframework.boot.SpringApplication No active profile set, falling back to default profiles: default
2019-07-24 09:18:34,774 INFO org.springframework.boot.StartupInfoLogger Started Application in 18.299 seconds (JVM running for 19.791)
2019-07-24 09:20:27,611 INFO org.springframework.boot.StartupInfoLogger Starting Application on ivanob-pc with PID 9816 (C:\Users\jspajic\IdeaProjects\helloWorld\target\classes started by jspajic in C:\Users\jspajic\IdeaProjects\helloWorld)
2019-07-24 09:20:27,640 DEBUG org.springframework.boot.StartupInfoLogger Running with Spring Boot v2.1.6.RELEASE, Spring v5.1.8.RELEASE
2019-07-24 09:20:27,642 INFO org.springframework.boot.SpringApplication No active profile set, falling back to default profiles: default
2019-07-24 09:20:47,186 INFO org.springframework.boot.StartupInfoLogger Started Application in 21.19 seconds (JVM running for 22.793)
2019-07-24 09:27:42,574 INFO org.springframework.boot.StartupInfoLogger Starting Application on ivanob-pc with PID 15032 (C:\Users\jspajic\IdeaProjects\helloWorld\target\classes started by jspajic in C:\Users\jspajic\IdeaProjects\helloWorld)
2019-07-24 09:27:42,583 DEBUG org.springframework.boot.StartupInfoLogger Running with Spring Boot v2.1.6.RELEASE, Spring v5.1.8.RELEASE
2019-07-24 09:27:42,585 INFO org.springframework.boot.SpringApplication No active profile set, falling back to default profiles: default
2019-07-24 09:28:02,881 INFO org.springframework.boot.StartupInfoLogger Started Application in 22.272 seconds (JVM running for 23.894)
2019-07-24 09:29:40,282 INFO org.springframework.boot.StartupInfoLogger Starting Application on ivanob-pc with PID 6892 (C:\Users\jspajic\IdeaProjects\helloWorld\target\classes started by jspajic in C:\Users\jspajic\IdeaProjects\helloWorld)
2019-07-24 09:29:40,294 DEBUG org.springframework.boot.StartupInfoLogger Running with Spring Boot v2.1.6.RELEASE, Spring v5.1.8.RELEASE
2019-07-24 09:29:40,297 INFO org.springframework.boot.SpringApplication No active profile set, falling back to default profiles: default
2019-07-24 09:30:01,643 INFO org.springframework.boot.StartupInfoLogger Started Application in 23.737 seconds (JVM running for 26.297)
2019-07-24 09:30:29,091 INFO org.springframework.boot.StartupInfoLogger Starting Application on ivanob-pc with PID 2504 (C:\Users\jspajic\IdeaProjects\helloWorld\target\classes started by jspajic in C:\Users\jspajic\IdeaProjects\helloWorld)
2019-07-24 09:30:29,103 DEBUG org.springframework.boot.StartupInfoLogger Running with Spring Boot v2.1.6.RELEASE, Spring v5.1.8.RELEASE
2019-07-24 09:30:29,106 INFO org.springframework.boot.SpringApplication No active profile set, falling back to default profiles: default
2019-07-24 09:30:49,791 INFO org.springframework.boot.StartupInfoLogger Started Application in 22.382 seconds (JVM running for 23.896)
2019-07-24 09:35:21,489 INFO org.springframework.boot.StartupInfoLogger Starting Application on ivanob-pc with PID 13648 (C:\Users\jspajic\IdeaProjects\helloWorld\target\classes started by jspajic in C:\Users\jspajic\IdeaProjects\helloWorld)
2019-07-24 09:35:21,504 DEBUG org.springframework.boot.StartupInfoLogger Running with Spring Boot v2.1.6.RELEASE, Spring v5.1.8.RELEASE
2019-07-24 09:35:21,508 INFO org.springframework.boot.SpringApplication No active profile set, falling back to default profiles: default
2019-07-24 09:35:46,100 INFO org.springframework.boot.StartupInfoLogger Started Application in 26.643 seconds (JVM running for 28.627)
2019-07-24 09:36:14,119 INFO org.springframework.boot.StartupInfoLogger Starting Application on ivanob-pc with PID 2352 (C:\Users\jspajic\IdeaProjects\helloWorld\target\classes started by jspajic in C:\Users\jspajic\IdeaProjects\helloWorld)
2019-07-24 09:36:14,142 DEBUG org.springframework.boot.StartupInfoLogger Running with Spring Boot v2.1.6.RELEASE, Spring v5.1.8.RELEASE
2019-07-24 09:36:14,151 INFO org.springframework.boot.SpringApplication No active profile set, falling back to default profiles: default
2019-07-24 09:36:35,620 INFO org.springframework.boot.StartupInfoLogger Started Application in 24.495 seconds (JVM running for 26.464)
2019-07-24 09:37:24,701 INFO org.springframework.boot.StartupInfoLogger Starting Application on ivanob-pc with PID 12408 (C:\Users\jspajic\IdeaProjects\helloWorld\target\classes started by jspajic in C:\Users\jspajic\IdeaProjects\helloWorld)
2019-07-24 09:37:24,712 DEBUG org.springframework.boot.StartupInfoLogger Running with Spring Boot v2.1.6.RELEASE, Spring v5.1.8.RELEASE
2019-07-24 09:37:24,714 INFO org.springframework.boot.SpringApplication No active profile set, falling back to default profiles: default
2019-07-24 09:37:47,341 INFO org.springframework.boot.StartupInfoLogger Started Application in 24.503 seconds (JVM running for 25.935)
2019-07-24 09:38:26,081 INFO org.springframework.boot.StartupInfoLogger Starting Application on ivanob-pc with PID 11608 (C:\Users\jspajic\IdeaProjects\helloWorld\target\classes started by jspajic in C:\Users\jspajic\IdeaProjects\helloWorld)
2019-07-24 09:38:26,090 DEBUG org.springframework.boot.StartupInfoLogger Running with Spring Boot v2.1.6.RELEASE, Spring v5.1.8.RELEASE
2019-07-24 09:38:26,092 INFO org.springframework.boot.SpringApplication No active profile set, falling back to default profiles: default
2019-07-24 09:38:58,319 INFO org.springframework.boot.StartupInfoLogger Started Application in 34.311 seconds (JVM running for 35.975)
2019-07-24 09:39:26,633 INFO org.springframework.boot.StartupInfoLogger Starting Application on ivanob-pc with PID 9404 (C:\Users\jspajic\IdeaProjects\helloWorld\target\classes started by jspajic in C:\Users\jspajic\IdeaProjects\helloWorld)
2019-07-24 09:39:26,645 DEBUG org.springframework.boot.StartupInfoLogger Running with Spring Boot v2.1.6.RELEASE, Spring v5.1.8.RELEASE
2019-07-24 09:39:26,647 INFO org.springframework.boot.SpringApplication No active profile set, falling back to default profiles: default
2019-07-24 09:39:44,741 INFO org.springframework.boot.StartupInfoLogger Started Application in 20.059 seconds (JVM running for 21.606)
2019-07-24 11:23:24,052 INFO org.springframework.boot.StartupInfoLogger Starting Application on ivanob-pc with PID 8312 (C:\Users\jspajic\IdeaProjects\helloWorld\target\classes started by jspajic in C:\Users\jspajic\IdeaProjects\helloWorld)
2019-07-24 11:23:24,100 DEBUG org.springframework.boot.StartupInfoLogger Running with Spring Boot v2.1.6.RELEASE, Spring v5.1.8.RELEASE
2019-07-24 11:23:24,102 INFO org.springframework.boot.SpringApplication No active profile set, falling back to default profiles: default
2019-07-24 11:23:46,513 INFO org.springframework.boot.StartupInfoLogger Started Application in 24.367 seconds (JVM running for 25.791)
2019-07-24 11:25:19,690 INFO org.springframework.boot.StartupInfoLogger Starting Application on ivanob-pc with PID 12220 (C:\Users\jspajic\IdeaProjects\helloWorld\target\classes started by jspajic in C:\Users\jspajic\IdeaProjects\helloWorld)
2019-07-24 11:25:19,708 DEBUG org.springframework.boot.StartupInfoLogger Running with Spring Boot v2.1.6.RELEASE, Spring v5.1.8.RELEASE
2019-07-24 11:25:19,715 INFO org.springframework.boot.SpringApplication No active profile set, falling back to default profiles: default
2019-07-24 11:25:41,844 INFO org.springframework.boot.StartupInfoLogger Started Application in 24.144 seconds (JVM running for 25.815)
2019-07-24 12:29:24,255 INFO org.springframework.boot.StartupInfoLogger Starting Application on ivanob-pc with PID 13392 (C:\Users\jspajic\IdeaProjects\helloWorld\target\classes started by jspajic in C:\Users\jspajic\IdeaProjects\helloWorld)
2019-07-24 12:29:24,267 DEBUG org.springframework.boot.StartupInfoLogger Running with Spring Boot v2.1.6.RELEASE, Spring v5.1.8.RELEASE
2019-07-24 12:29:24,269 INFO org.springframework.boot.SpringApplication No active profile set, falling back to default profiles: default
2019-07-24 12:29:59,155 INFO org.springframework.boot.StartupInfoLogger Started Application in 37.824 seconds (JVM running for 41.376)
2019-07-24 12:31:18,728 INFO org.springframework.boot.StartupInfoLogger Starting Application on ivanob-pc with PID 12408 (C:\Users\jspajic\IdeaProjects\helloWorld\target\classes started by jspajic in C:\Users\jspajic\IdeaProjects\helloWorld)
2019-07-24 12:31:18,741 DEBUG org.springframework.boot.StartupInfoLogger Running with Spring Boot v2.1.6.RELEASE, Spring v5.1.8.RELEASE
2019-07-24 12:31:18,744 INFO org.springframework.boot.SpringApplication No active profile set, falling back to default profiles: default
2019-07-24 12:32:46,402 INFO org.springframework.boot.StartupInfoLogger Started Application in 90.003 seconds (JVM running for 91.994)
2019-07-24 12:41:28,727 INFO org.springframework.boot.StartupInfoLogger Starting Application on ivanob-pc with PID 11472 (C:\Users\jspajic\IdeaProjects\helloWorld\target\classes started by jspajic in C:\Users\jspajic\IdeaProjects\helloWorld)
2019-07-24 12:41:28,738 DEBUG org.springframework.boot.StartupInfoLogger Running with Spring Boot v2.1.6.RELEASE, Spring v5.1.8.RELEASE
2019-07-24 12:41:28,741 INFO org.springframework.boot.SpringApplication No active profile set, falling back to default profiles: default
2019-07-24 12:41:52,418 INFO org.springframework.boot.StartupInfoLogger Started Application in 26.047 seconds (JVM running for 28.071)
2019-07-24 12:44:07,517 INFO org.springframework.boot.StartupInfoLogger Starting Application on ivanob-pc with PID 9844 (C:\Users\jspajic\IdeaProjects\helloWorld\target\classes started by jspajic in C:\Users\jspajic\IdeaProjects\helloWorld)
2019-07-24 12:44:07,575 DEBUG org.springframework.boot.StartupInfoLogger Running with Spring Boot v2.1.6.RELEASE, Spring v5.1.8.RELEASE
2019-07-24 12:44:07,577 INFO org.springframework.boot.SpringApplication No active profile set, falling back to default profiles: default
2019-07-24 12:44:27,379 INFO org.springframework.boot.StartupInfoLogger Started Application in 21.671 seconds (JVM running for 23.084)
2019-07-24 12:54:13,538 INFO org.springframework.boot.StartupInfoLogger Starting Application on ivanob-pc with PID 15780 (C:\Users\jspajic\IdeaProjects\helloWorld\target\classes started by jspajic in C:\Users\jspajic\IdeaProjects\helloWorld)
2019-07-24 12:54:13,550 DEBUG org.springframework.boot.StartupInfoLogger Running with Spring Boot v2.1.6.RELEASE, Spring v5.1.8.RELEASE
2019-07-24 12:54:13,552 INFO org.springframework.boot.SpringApplication No active profile set, falling back to default profiles: default
2019-07-24 12:54:40,397 INFO org.springframework.boot.StartupInfoLogger Started Application in 28.919 seconds (JVM running for 30.888)
2019-07-24 13:17:30,153 INFO org.springframework.boot.StartupInfoLogger Starting Application on ivanob-pc with PID 10260 (C:\Users\jspajic\IdeaProjects\helloWorld\target\classes started by jspajic in C:\Users\jspajic\IdeaProjects\helloWorld)
2019-07-24 13:17:30,161 DEBUG org.springframework.boot.StartupInfoLogger Running with Spring Boot v2.1.6.RELEASE, Spring v5.1.8.RELEASE
2019-07-24 13:17:30,164 INFO org.springframework.boot.SpringApplication No active profile set, falling back to default profiles: default
2019-07-24 13:17:47,511 INFO org.springframework.boot.StartupInfoLogger Started Application in 19.737 seconds (JVM running for 22.164)
2019-07-24 13:24:25,173 INFO org.springframework.boot.StartupInfoLogger Starting Application on ivanob-pc with PID 8864 (C:\Users\jspajic\IdeaProjects\helloWorld\target\classes started by jspajic in C:\Users\jspajic\IdeaProjects\helloWorld)
2019-07-24 13:24:25,183 DEBUG org.springframework.boot.StartupInfoLogger Running with Spring Boot v2.1.6.RELEASE, Spring v5.1.8.RELEASE
2019-07-24 13:24:25,185 INFO org.springframework.boot.SpringApplication No active profile set, falling back to default profiles: default
2019-07-24 13:24:42,479 INFO org.springframework.boot.StartupInfoLogger Started Application in 19.19 seconds (JVM running for 20.977)
2019-07-24 13:25:08,774 INFO org.springframework.boot.StartupInfoLogger Starting Application on ivanob-pc with PID 13612 (C:\Users\jspajic\IdeaProjects\helloWorld\target\classes started by jspajic in C:\Users\jspajic\IdeaProjects\helloWorld)
2019-07-24 13:25:08,805 DEBUG org.springframework.boot.StartupInfoLogger Running with Spring Boot v2.1.6.RELEASE, Spring v5.1.8.RELEASE
2019-07-24 13:25:08,820 INFO org.springframework.boot.SpringApplication No active profile set, falling back to default profiles: default
2019-07-24 13:25:25,327 INFO org.springframework.boot.StartupInfoLogger Started Application in 18.284 seconds (JVM running for 19.866)
2019-07-24 13:25:51,316 INFO org.springframework.boot.StartupInfoLogger Starting Application on ivanob-pc with PID 8560 (C:\Users\jspajic\IdeaProjects\helloWorld\target\classes started by jspajic in C:\Users\jspajic\IdeaProjects\helloWorld)
2019-07-24 13:25:51,327 DEBUG org.springframework.boot.StartupInfoLogger Running with Spring Boot v2.1.6.RELEASE, Spring v5.1.8.RELEASE
2019-07-24 13:25:51,334 INFO org.springframework.boot.SpringApplication No active profile set, falling back to default profiles: default
2019-07-24 13:26:07,035 INFO org.springframework.boot.StartupInfoLogger Started Application in 17.518 seconds (JVM running for 18.88)
2019-07-24 13:31:23,194 INFO org.springframework.boot.StartupInfoLogger Starting Application on ivanob-pc with PID 12500 (C:\Users\jspajic\IdeaProjects\helloWorld\target\classes started by jspajic in C:\Users\jspajic\IdeaProjects\helloWorld)
2019-07-24 13:31:23,204 DEBUG org.springframework.boot.StartupInfoLogger Running with Spring Boot v2.1.6.RELEASE, Spring v5.1.8.RELEASE
2019-07-24 13:31:23,206 INFO org.springframework.boot.SpringApplication No active profile set, falling back to default profiles: default
2019-07-24 13:31:39,179 INFO org.springframework.boot.StartupInfoLogger Started Application in 17.799 seconds (JVM running for 19.344)
2019-07-24 13:32:47,441 INFO org.springframework.boot.StartupInfoLogger Starting Application on ivanob-pc with PID 12896 (C:\Users\jspajic\IdeaProjects\helloWorld\target\classes started by jspajic in C:\Users\jspajic\IdeaProjects\helloWorld)
2019-07-24 13:32:47,450 DEBUG org.springframework.boot.StartupInfoLogger Running with Spring Boot v2.1.6.RELEASE, Spring v5.1.8.RELEASE
2019-07-24 13:32:47,454 INFO org.springframework.boot.SpringApplication No active profile set, falling back to default profiles: default
2019-07-24 13:33:06,909 INFO org.springframework.boot.StartupInfoLogger Started Application in 21.088 seconds (JVM running for 22.533)
2019-07-24 13:34:24,898 INFO org.springframework.boot.StartupInfoLogger Starting Application on ivanob-pc with PID 12248 (C:\Users\jspajic\IdeaProjects\helloWorld\target\classes started by jspajic in C:\Users\jspajic\IdeaProjects\helloWorld)
2019-07-24 13:34:24,908 DEBUG org.springframework.boot.StartupInfoLogger Running with Spring Boot v2.1.6.RELEASE, Spring v5.1.8.RELEASE
2019-07-24 13:34:24,910 INFO org.springframework.boot.SpringApplication No active profile set, falling back to default profiles: default
2019-07-24 13:34:42,903 INFO org.springframework.boot.StartupInfoLogger Started Application in 19.766 seconds (JVM running for 21.142)
2019-07-24 13:38:09,257 INFO org.springframework.boot.StartupInfoLogger Starting Application on ivanob-pc with PID 11624 (C:\Users\jspajic\IdeaProjects\helloWorld\target\classes started by jspajic in C:\Users\jspajic\IdeaProjects\helloWorld)
2019-07-24 13:38:09,279 DEBUG org.springframework.boot.StartupInfoLogger Running with Spring Boot v2.1.6.RELEASE, Spring v5.1.8.RELEASE
2019-07-24 13:38:09,281 INFO org.springframework.boot.SpringApplication No active profile set, falling back to default profiles: default
2019-07-24 13:38:27,398 INFO org.springframework.boot.StartupInfoLogger Started Application in 19.732 seconds (JVM running for 21.076)
2019-07-24 13:39:59,288 INFO org.springframework.boot.StartupInfoLogger Starting Application on ivanob-pc with PID 15708 (C:\Users\jspajic\IdeaProjects\helloWorld\target\classes started by jspajic in C:\Users\jspajic\IdeaProjects\helloWorld)
2019-07-24 13:39:59,298 DEBUG org.springframework.boot.StartupInfoLogger Running with Spring Boot v2.1.6.RELEASE, Spring v5.1.8.RELEASE
2019-07-24 13:39:59,301 INFO org.springframework.boot.SpringApplication No active profile set, falling back to default profiles: default
2019-07-24 13:40:16,514 INFO org.springframework.boot.StartupInfoLogger Started Application in 19.587 seconds (JVM running for 21.734)
2019-07-24 13:43:39,027 INFO org.springframework.boot.StartupInfoLogger Starting Application on ivanob-pc with PID 15992 (C:\Users\jspajic\IdeaProjects\helloWorld\target\classes started by jspajic in C:\Users\jspajic\IdeaProjects\helloWorld)
2019-07-24 13:43:39,038 DEBUG org.springframework.boot.StartupInfoLogger Running with Spring Boot v2.1.6.RELEASE, Spring v5.1.8.RELEASE
2019-07-24 13:43:39,045 INFO org.springframework.boot.SpringApplication No active profile set, falling back to default profiles: default
2019-07-24 13:44:05,325 INFO org.springframework.boot.StartupInfoLogger Started Application in 27.926 seconds (JVM running for 29.343)
2019-07-24 14:31:48,458 INFO org.springframework.boot.StartupInfoLogger Starting Application on ivanob-pc with PID 10672 (C:\Users\jspajic\IdeaProjects\helloWorld\target\classes started by jspajic in C:\Users\jspajic\IdeaProjects\helloWorld)
2019-07-24 14:31:48,467 DEBUG org.springframework.boot.StartupInfoLogger Running with Spring Boot v2.1.6.RELEASE, Spring v5.1.8.RELEASE
2019-07-24 14:31:48,476 INFO org.springframework.boot.SpringApplication No active profile set, falling back to default profiles: default
2019-07-24 14:32:11,868 INFO org.springframework.boot.StartupInfoLogger Started Application in 26.038 seconds (JVM running for 27.849)
2019-07-24 14:49:37,454 INFO org.springframework.boot.StartupInfoLogger Starting Application on ivanob-pc with PID 11724 (C:\Users\jspajic\IdeaProjects\helloWorld\target\classes started by jspajic in C:\Users\jspajic\IdeaProjects\helloWorld)
2019-07-24 14:49:37,465 DEBUG org.springframework.boot.StartupInfoLogger Running with Spring Boot v2.1.6.RELEASE, Spring v5.1.8.RELEASE
2019-07-24 14:49:37,467 INFO org.springframework.boot.SpringApplication No active profile set, falling back to default profiles: default
2019-07-24 14:49:54,351 INFO org.springframework.boot.StartupInfoLogger Started Application in 19.194 seconds (JVM running for 20.962)
2019-07-24 14:51:06,753 INFO org.springframework.boot.StartupInfoLogger Starting Application on ivanob-pc with PID 11652 (C:\Users\jspajic\IdeaProjects\helloWorld\target\classes started by jspajic in C:\Users\jspajic\IdeaProjects\helloWorld)
2019-07-24 14:51:06,772 DEBUG org.springframework.boot.StartupInfoLogger Running with Spring Boot v2.1.6.RELEASE, Spring v5.1.8.RELEASE
2019-07-24 14:51:06,774 INFO org.springframework.boot.SpringApplication No active profile set, falling back to default profiles: default
2019-07-24 14:51:23,435 INFO org.springframework.boot.StartupInfoLogger Started Application in 19.314 seconds (JVM running for 21.612)
2019-07-24 14:59:54,468 INFO org.springframework.boot.StartupInfoLogger Starting Application on ivanob-pc with PID 12088 (C:\Users\jspajic\IdeaProjects\helloWorld\target\classes started by jspajic in C:\Users\jspajic\IdeaProjects\helloWorld)
2019-07-24 14:59:54,484 DEBUG org.springframework.boot.StartupInfoLogger Running with Spring Boot v2.1.6.RELEASE, Spring v5.1.8.RELEASE
2019-07-24 14:59:54,486 INFO org.springframework.boot.SpringApplication No active profile set, falling back to default profiles: default
2019-07-24 15:00:17,673 INFO org.springframework.boot.StartupInfoLogger Started Application in 25.4 seconds (JVM running for 27.273)
2019-07-24 15:00:50,383 INFO org.springframework.boot.StartupInfoLogger Starting Application on ivanob-pc with PID 4812 (C:\Users\jspajic\IdeaProjects\helloWorld\target\classes started by jspajic in C:\Users\jspajic\IdeaProjects\helloWorld)
2019-07-24 15:00:50,404 DEBUG org.springframework.boot.StartupInfoLogger Running with Spring Boot v2.1.6.RELEASE, Spring v5.1.8.RELEASE
2019-07-24 15:00:50,415 INFO org.springframework.boot.SpringApplication No active profile set, falling back to default profiles: default
2019-07-24 15:01:09,153 INFO org.springframework.boot.StartupInfoLogger Started Application in 20.474 seconds (JVM running for 21.843)
2019-07-24 15:01:47,798 INFO org.springframework.boot.StartupInfoLogger Starting Application on ivanob-pc with PID 1204 (C:\Users\jspajic\IdeaProjects\helloWorld\target\classes started by jspajic in C:\Users\jspajic\IdeaProjects\helloWorld)
2019-07-24 15:01:47,840 DEBUG org.springframework.boot.StartupInfoLogger Running with Spring Boot v2.1.6.RELEASE, Spring v5.1.8.RELEASE
2019-07-24 15:01:47,846 INFO org.springframework.boot.SpringApplication No active profile set, falling back to default profiles: default
2019-07-24 15:02:06,843 INFO org.springframework.boot.StartupInfoLogger Started Application in 21.093 seconds (JVM running for 22.699)
2019-07-24 15:02:41,502 INFO org.springframework.boot.StartupInfoLogger Starting Application on ivanob-pc with PID 7988 (C:\Users\jspajic\IdeaProjects\helloWorld\target\classes started by jspajic in C:\Users\jspajic\IdeaProjects\helloWorld)
2019-07-24 15:02:41,512 DEBUG org.springframework.boot.StartupInfoLogger Running with Spring Boot v2.1.6.RELEASE, Spring v5.1.8.RELEASE
2019-07-24 15:02:41,517 INFO org.springframework.boot.SpringApplication No active profile set, falling back to default profiles: default
2019-07-24 15:02:59,900 INFO org.springframework.boot.StartupInfoLogger Started Application in 19.996 seconds (JVM running for 21.615)
2019-07-24 15:24:05,748 INFO org.springframework.boot.StartupInfoLogger Starting Application on ivanob-pc with PID 11892 (C:\Users\jspajic\IdeaProjects\helloWorld\target\classes started by jspajic in C:\Users\jspajic\IdeaProjects\helloWorld)
2019-07-24 15:24:05,757 DEBUG org.springframework.boot.StartupInfoLogger Running with Spring Boot v2.1.6.RELEASE, Spring v5.1.8.RELEASE
2019-07-24 15:24:05,776 INFO org.springframework.boot.SpringApplication No active profile set, falling back to default profiles: default
2019-07-24 15:24:27,979 INFO org.springframework.boot.StartupInfoLogger Started Application in 24.539 seconds (JVM running for 27.077)
2019-07-24 15:25:28,496 INFO org.springframework.boot.StartupInfoLogger Starting Application on ivanob-pc with PID 16292 (C:\Users\jspajic\IdeaProjects\helloWorld\target\classes started by jspajic in C:\Users\jspajic\IdeaProjects\helloWorld)
2019-07-24 15:25:28,524 DEBUG org.springframework.boot.StartupInfoLogger Running with Spring Boot v2.1.6.RELEASE, Spring v5.1.8.RELEASE
2019-07-24 15:25:28,526 INFO org.springframework.boot.SpringApplication No active profile set, falling back to default profiles: default
2019-07-24 15:25:49,163 INFO org.springframework.boot.StartupInfoLogger Starting Application on ivanob-pc with PID 14344 (C:\Users\jspajic\IdeaProjects\helloWorld\target\classes started by jspajic in C:\Users\jspajic\IdeaProjects\helloWorld)
2019-07-24 15:25:49,170 DEBUG org.springframework.boot.StartupInfoLogger Running with Spring Boot v2.1.6.RELEASE, Spring v5.1.8.RELEASE
2019-07-24 15:25:49,172 INFO org.springframework.boot.SpringApplication No active profile set, falling back to default profiles: default
2019-07-24 15:26:05,081 INFO org.springframework.boot.StartupInfoLogger Started Application in 17.79 seconds (JVM running for 20.017)
2019-07-24 15:27:05,096 INFO org.springframework.boot.StartupInfoLogger Starting Application on ivanob-pc with PID 8620 (C:\Users\jspajic\IdeaProjects\helloWorld\target\classes started by jspajic in C:\Users\jspajic\IdeaProjects\helloWorld)
2019-07-24 15:27:05,106 DEBUG org.springframework.boot.StartupInfoLogger Running with Spring Boot v2.1.6.RELEASE, Spring v5.1.8.RELEASE
2019-07-24 15:27:05,155 INFO org.springframework.boot.SpringApplication No active profile set, falling back to default profiles: default
2019-07-24 15:27:32,734 INFO org.springframework.boot.StartupInfoLogger Starting Application on ivanob-pc with PID 2028 (C:\Users\jspajic\IdeaProjects\helloWorld\target\classes started by jspajic in C:\Users\jspajic\IdeaProjects\helloWorld)
2019-07-24 15:27:32,743 DEBUG org.springframework.boot.StartupInfoLogger Running with Spring Boot v2.1.6.RELEASE, Spring v5.1.8.RELEASE
2019-07-24 15:27:32,745 INFO org.springframework.boot.SpringApplication No active profile set, falling back to default profiles: default
2019-07-24 15:27:51,822 INFO org.springframework.boot.StartupInfoLogger Started Application in 21.207 seconds (JVM running for 22.758)
2019-07-24 15:28:20,679 INFO org.springframework.boot.StartupInfoLogger Starting Application on ivanob-pc with PID 8736 (C:\Users\jspajic\IdeaProjects\helloWorld\target\classes started by jspajic in C:\Users\jspajic\IdeaProjects\helloWorld)
2019-07-24 15:28:20,691 DEBUG org.springframework.boot.StartupInfoLogger Running with Spring Boot v2.1.6.RELEASE, Spring v5.1.8.RELEASE
2019-07-24 15:28:20,715 INFO org.springframework.boot.SpringApplication No active profile set, falling back to default profiles: default
2019-07-24 15:28:39,291 INFO org.springframework.boot.StartupInfoLogger Started Application in 20.811 seconds (JVM running for 22.988)
2019-07-24 15:31:33,202 INFO org.springframework.boot.StartupInfoLogger Starting Application on ivanob-pc with PID 14328 (C:\Users\jspajic\IdeaProjects\helloWorld\target\classes started by jspajic in C:\Users\jspajic\IdeaProjects\helloWorld)
2019-07-24 15:31:33,210 DEBUG org.springframework.boot.StartupInfoLogger Running with Spring Boot v2.1.6.RELEASE, Spring v5.1.8.RELEASE
2019-07-24 15:31:33,213 INFO org.springframework.boot.SpringApplication No active profile set, falling back to default profiles: default
2019-07-24 15:31:51,086 INFO org.springframework.boot.StartupInfoLogger Started Application in 19.569 seconds (JVM running for 21.134)
2019-07-24 15:32:52,913 INFO org.springframework.boot.StartupInfoLogger Starting Application on ivanob-pc with PID 7188 (C:\Users\jspajic\IdeaProjects\helloWorld\target\classes started by jspajic in C:\Users\jspajic\IdeaProjects\helloWorld)
2019-07-24 15:32:52,938 DEBUG org.springframework.boot.StartupInfoLogger Running with Spring Boot v2.1.6.RELEASE, Spring v5.1.8.RELEASE
2019-07-24 15:32:52,940 INFO org.springframework.boot.SpringApplication No active profile set, falling back to default profiles: default
2019-07-24 15:33:09,665 INFO org.springframework.boot.StartupInfoLogger Started Application in 18.413 seconds (JVM running for 20.156)
2019-07-24 15:33:35,764 INFO org.springframework.boot.StartupInfoLogger Starting Application on ivanob-pc with PID 10828 (C:\Users\jspajic\IdeaProjects\helloWorld\target\classes started by jspajic in C:\Users\jspajic\IdeaProjects\helloWorld)
2019-07-24 15:33:35,774 DEBUG org.springframework.boot.StartupInfoLogger Running with Spring Boot v2.1.6.RELEASE, Spring v5.1.8.RELEASE
2019-07-24 15:33:35,780 INFO org.springframework.boot.SpringApplication No active profile set, falling back to default profiles: default
2019-07-24 15:33:50,943 INFO org.springframework.boot.StartupInfoLogger Started Application in 16.994 seconds (JVM running for 18.338)
2019-07-24 15:36:02,129 INFO org.springframework.boot.StartupInfoLogger Starting Application on ivanob-pc with PID 14860 (C:\Users\jspajic\IdeaProjects\helloWorld\target\classes started by jspajic in C:\Users\jspajic\IdeaProjects\helloWorld)
2019-07-24 15:36:02,137 DEBUG org.springframework.boot.StartupInfoLogger Running with Spring Boot v2.1.6.RELEASE, Spring v5.1.8.RELEASE
2019-07-24 15:36:02,141 INFO org.springframework.boot.SpringApplication No active profile set, falling back to default profiles: default
2019-07-24 15:36:18,307 INFO org.springframework.boot.StartupInfoLogger Started Application in 17.921 seconds (JVM running for 19.588)
2019-07-24 15:45:23,943 INFO org.springframework.boot.StartupInfoLogger Starting Application on ivanob-pc with PID 11684 (C:\Users\jspajic\IdeaProjects\helloWorld\target\classes started by jspajic in C:\Users\jspajic\IdeaProjects\helloWorld)
2019-07-24 15:45:23,952 DEBUG org.springframework.boot.StartupInfoLogger Running with Spring Boot v2.1.6.RELEASE, Spring v5.1.8.RELEASE
2019-07-24 15:45:23,956 INFO org.springframework.boot.SpringApplication No active profile set, falling back to default profiles: default
2019-07-24 15:45:45,703 INFO org.springframework.boot.StartupInfoLogger Started Application in 24.15 seconds (JVM running for 26.041)
2019-07-24 15:47:19,762 INFO org.springframework.boot.StartupInfoLogger Starting Application on ivanob-pc with PID 13784 (C:\Users\jspajic\IdeaProjects\helloWorld\target\classes started by jspajic in C:\Users\jspajic\IdeaProjects\helloWorld)
2019-07-24 15:47:19,779 DEBUG org.springframework.boot.StartupInfoLogger Running with Spring Boot v2.1.6.RELEASE, Spring v5.1.8.RELEASE
2019-07-24 15:47:19,781 INFO org.springframework.boot.SpringApplication No active profile set, falling back to default profiles: default
2019-07-24 15:47:39,258 INFO org.springframework.boot.StartupInfoLogger Started Application in 21.546 seconds (JVM running for 23.555)
2019-07-24 15:48:33,327 INFO org.springframework.boot.StartupInfoLogger Starting Application on ivanob-pc with PID 4908 (C:\Users\jspajic\IdeaProjects\helloWorld\target\classes started by jspajic in C:\Users\jspajic\IdeaProjects\helloWorld)
2019-07-24 15:48:33,340 DEBUG org.springframework.boot.StartupInfoLogger Running with Spring Boot v2.1.6.RELEASE, Spring v5.1.8.RELEASE
2019-07-24 15:48:33,342 INFO org.springframework.boot.SpringApplication No active profile set, falling back to default profiles: default
2019-07-24 15:48:49,077 INFO org.springframework.boot.StartupInfoLogger Started Application in 17.464 seconds (JVM running for 18.906)
2019-07-24 15:50:55,882 INFO org.springframework.boot.StartupInfoLogger Starting Application on ivanob-pc with PID 5680 (C:\Users\jspajic\IdeaProjects\helloWorld\target\classes started by jspajic in C:\Users\jspajic\IdeaProjects\helloWorld)
2019-07-24 15:50:55,891 DEBUG org.springframework.boot.StartupInfoLogger Running with Spring Boot v2.1.6.RELEASE, Spring v5.1.8.RELEASE
2019-07-24 15:50:55,893 INFO org.springframework.boot.SpringApplication No active profile set, falling back to default profiles: default
2019-07-24 15:51:13,872 INFO org.springframework.boot.StartupInfoLogger Started Application in 19.699 seconds (JVM running for 21.146)
2019-07-24 15:54:14,890 INFO org.springframework.boot.StartupInfoLogger Starting Application on ivanob-pc with PID 15452 (C:\Users\jspajic\IdeaProjects\helloWorld\target\classes started by jspajic in C:\Users\jspajic\IdeaProjects\helloWorld)
2019-07-24 15:54:14,909 DEBUG org.springframework.boot.StartupInfoLogger Running with Spring Boot v2.1.6.RELEASE, Spring v5.1.8.RELEASE
2019-07-24 15:54:14,911 INFO org.springframework.boot.SpringApplication No active profile set, falling back to default profiles: default
2019-07-24 15:54:38,554 INFO org.springframework.boot.StartupInfoLogger Starting Application on ivanob-pc with PID 15496 (C:\Users\jspajic\IdeaProjects\helloWorld\target\classes started by jspajic in C:\Users\jspajic\IdeaProjects\helloWorld)
2019-07-24 15:54:38,564 DEBUG org.springframework.boot.StartupInfoLogger Running with Spring Boot v2.1.6.RELEASE, Spring v5.1.8.RELEASE
2019-07-24 15:54:38,572 INFO org.springframework.boot.SpringApplication No active profile set, falling back to default profiles: default
2019-07-24 15:55:00,176 INFO org.springframework.boot.StartupInfoLogger Started Application in 23.56 seconds (JVM running for 25.822)
